sesion6_ud3/build/app/outputs/mapping/release/seeds.txt
com.example.sesion6_ud3.MainActivity
com.example.sesion6_ud3.MainActivity: MainActivity()
...
androidx.window.layout.SidecarWindowBackend$WindowLayoutChangeCallbackWrapper: void accept$lambda-0(androidx.window.layout.SidecarWindowBackend$WindowLayoutChangeCallbackWrapper,androidx.window.layout.WindowLayoutInfo)
io.flutter.embedding.engine.renderer.SurfaceTextureWrapper: void release()
androidx.window.embedding.SplitController: SplitController(kotlin.jvm.internal.DefaultConstructorMarker)
io.flutter.embedding.engine.systemchannels.PlatformChannel$Brightness: io.flutter.embedding.engine.systemchannels.PlatformChannel$Brightness[] values()
androidx.window.layout.WindowInfoTracker$Companion: void overrideDecorator(androidx.window.layout.WindowInfoTrackerDecorator)
androidx.window.layout.SidecarCompat$FirstAttachAdapter: void onViewDetachedFromWindow(android.view.View)
kotlin.coroutines.jvm.internal.BaseContinuationImpl: java.lang.StackTraceElement getStackTraceElement()
androidx.window.layout.HardwareFoldingFeature: HardwareFoldingFeature(androidx.window.core.Bounds,androidx.window.layout.HardwareFoldingFeature$Type,androidx.window.layout.FoldingFeature$State)
androidx.window.core.Version: androidx.window.core.Version access$getUNKNOWN$cp()
androidx.window.layout.FoldingFeature$Orientation: java.lang.String toString()
androidx.window.layout.SidecarWindowBackend$WindowLayoutChangeCallbackWrapper: void accept(androidx.window.layout.WindowLayoutInfo)
io.flutter.embedding.engine.FlutterJNI: void removeEngineLifecycleListener(io.flutter.embedding.engine.FlutterEngine$EngineLifecycleListener)
androidx.window.embedding.SplitPlaceholderRule: SplitPlaceholderRule(java.util.Set,android.content.Intent,int,int,float,int)
androidx.window.layout.FoldingFeature: androidx.window.layout.FoldingFeature$Orientation getOrientation()
kotlinx.coroutines.channels.BufferOverflow: kotlinx.coroutines.channels.BufferOverflow[] values()
androidx.window.layout.SidecarCompat$DistinctSidecarElementCallback: void onWindowLayoutChanged(android.os.IBinder,androidx.window.sidecar.SidecarWindowLayoutInfo)
io.flutter.embedding.engine.FlutterJNI: void onVsync(long,long,long)
androidx.window.core.Bounds: int getBottom()
android.support.v4.app.RemoteActionCompatParcelizer: void write(androidx.core.app.RemoteActionCompat,androidx.versionedparcelable.VersionedParcel)
androidx.window.layout.SidecarCompat$registerConfigurationChangeListener$configChangeObserver$1: void onConfigurationChanged(android.content.res.Configuration)
androidx.window.layout.WindowInfoTrackerImpl$windowLayoutInfo$1: WindowInfoTrackerImpl$windowLayoutInfo$1(androidx.window.layout.WindowInfoTrackerImpl,android.app.Activity,kotlin.coroutines.Continuation)
androidx.window.embedding.EmbeddingAdapter: EmbeddingAdapter()
io.flutter.embedding.engine.FlutterJNI: void dispatchSemanticsAction(int,io.flutter.view.AccessibilityBridge$Action)
io.flutter.embedding.engine.FlutterJNI: void onBeginFrame()
androidx.window.embedding.ActivityRule: boolean equals(java.lang.Object)
io.flutter.embedding.engine.mutatorsstack.FlutterMutatorView: android.graphics.Matrix getPlatformViewMatrix()
androidx.window.core.Version: androidx.window.core.Version access$getVERSION_1_0$cp()
io.flutter.embedding.engine.systemchannels.SettingsChannel$PlatformBrightness: io.flutter.embedding.engine.systemchannels.SettingsChannel$PlatformBrightness valueOf(java.lang.String)
androidx.window.embedding.EmbeddingTranslatingCallback: void accept(java.util.List)
io.flutter.embedding.engine.renderer.FlutterRenderer$DisplayFeatureType: io.flutter.embedding.engine.renderer.FlutterRenderer$DisplayFeatureType[] values()
androidx.window.core.Version$Companion: Version$Companion(kotlin.jvm.internal.DefaultConstructorMarker)
androidx.window.embedding.SplitInfo: java.lang.String toString()
androidx.window.layout.SidecarCompat: void register(android.os.IBinder,android.app.Activity)
androidx.window.embedding.SplitController$Companion: void initialize(android.content.Context,int)