sesion6_ud3/build/app/outputs/mapping/release/mapping.txt
# compiler: R8
# compiler_version: 3.1.66
# min_api: 16
# pg_map_id: 983907b
# common_typos_disable
# {"id":"com.android.tools.r8.mapping","version":"1.0"}
...
io.flutter.embedding.engine.plugins.FlutterPlugin -> q.a:
    void onDetachedFromEngine(io.flutter.embedding.engine.plugins.FlutterPlugin$FlutterPluginBinding) -> a
    void onAttachedToEngine(io.flutter.embedding.engine.plugins.FlutterPlugin$FlutterPluginBinding) -> c
io.flutter.embedding.engine.plugins.FlutterPlugin$FlutterAssets -> q.a$a:
io.flutter.embedding.engine.plugins.FlutterPlugin$FlutterPluginBinding -> q.a$b:
    android.content.Context applicationContext -> a
    io.flutter.plugin.platform.PlatformViewRegistry platformViewRegistry -> e
    io.flutter.view.TextureRegistry textureRegistry -> d
    io.flutter.embedding.engine.FlutterEngine flutterEngine -> b
    io.flutter.embedding.engine.plugins.FlutterPlugin$FlutterAssets flutterAssets -> f
    io.flutter.plugin.common.BinaryMessenger binaryMessenger -> c
    android.content.Context getApplicationContext() -> a
    io.flutter.plugin.common.BinaryMessenger getBinaryMessenger() -> b
io.flutter.embedding.engine.plugins.PluginRegistry -> q.b:
    void add(io.flutter.embedding.engine.plugins.FlutterPlugin) -> i
io.flutter.embedding.engine.plugins.activity.ActivityAware -> r.a:
    void onAttachedToActivity(io.flutter.embedding.engine.plugins.activity.ActivityPluginBinding) -> a
    void onDetachedFromActivity() -> b
    void onDetachedFromActivityForConfigChanges() -> c
    void onReattachedToActivityForConfigChanges(io.flutter.embedding.engine.plugins.activity.ActivityPluginBinding) -> d
io.flutter.embedding.engine.plugins.activity.ActivityControlSurface -> r.b:
    void onRestoreInstanceState(android.os.Bundle) -> a
    boolean onRequestPermissionsResult(int,java.lang.String[],int[]) -> b
    boolean onActivityResult(int,int,android.content.Intent) -> c
    void onNewIntent(android.content.Intent) -> d
    void onSaveInstanceState(android.os.Bundle) -> e
    void onUserLeaveHint() -> f
    void attachToActivity(io.flutter.embedding.android.ExclusiveAppComponent,androidx.lifecycle.Lifecycle) -> g
    void detachFromActivity() -> h
    void detachFromActivityForConfigChanges() -> j
io.flutter.embedding.engine.plugins.activity.ActivityPluginBinding -> r.c:
io.flutter.embedding.engine.plugins.activity.ActivityPluginBinding$OnSaveInstanceStateListener -> r.c$a:
    void onRestoreInstanceState(android.os.Bundle) -> a
    void onSaveInstanceState(android.os.Bundle) -> e
io.flutter.embedding.engine.plugins.broadcastreceiver.BroadcastReceiverAware -> s.a:
    void onAttachedToBroadcastReceiver(io.flutter.embedding.engine.plugins.broadcastreceiver.BroadcastReceiverPluginBinding) -> a
    void onDetachedFromBroadcastReceiver() -> b
io.flutter.embedding.engine.plugins.broadcastreceiver.BroadcastReceiverPluginBinding -> s.b:
io.flutter.embedding.engine.plugins.contentprovider.ContentProviderAware -> t.a:
    void onAttachedToContentProvider(io.flutter.embedding.engine.plugins.contentprovider.ContentProviderPluginBinding) -> a
    void onDetachedFromContentProvider() -> b
io.flutter.embedding.engine.plugins.contentprovider.ContentProviderPluginBinding -> t.b:
io.flutter.embedding.engine.plugins.service.ServiceAware -> u.a:
    void onDetachedFromService() -> a
    void onAttachedToService(io.flutter.embedding.engine.plugins.service.ServicePluginBinding) -> b
io.flutter.embedding.engine.plugins.service.ServicePluginBinding -> u.b:
io.flutter.embedding.engine.plugins.util.GeneratedPluginRegister -> v.a:
    void registerGeneratedPlugins(io.flutter.embedding.engine.FlutterEngine) -> a